::1 - - [04/May/2022:19:25:53 +0000] "POST /register HTTP/1.1" 200 21
::1 - - [04/May/2022:19:32:17 +0000] "POST /register HTTP/1.1" 200 26
::1 - - [04/May/2022:19:32:30 +0000] "POST /register HTTP/1.1" 200 17
::1 - - [08/May/2022:10:15:57 +0000] "GET /trainer HTTP/1.1" 200 171
::1 - - [08/May/2022:10:24:05 +0000] "PUT /editAppForm/1 HTTP/1.1" 500 1297
::1 - - [08/May/2022:10:24:37 +0000] "POST /appform HTTP/1.1" 500 1284
::1 - - [08/May/2022:10:25:04 +0000] "POST /appform HTTP/1.1" 200 139
::1 - - [08/May/2022:10:26:13 +0000] "PUT /editAppForm/0 HTTP/1.1" 500 1297
::1 - - [08/May/2022:10:26:39 +0000] "PUT /editAppForm/0 HTTP/1.1" 500 1297
::1 - - [08/May/2022:10:26:40 +0000] "PUT /editAppForm/0 HTTP/1.1" 500 1297
::1 - - [08/May/2022:10:27:17 +0000] "PUT /editAppForm/0 HTTP/1.1" 500 1297
::1 - - [08/May/2022:10:27:34 +0000] "PUT /editAppForm/0 HTTP/1.1" 500 1297
::1 - - [08/May/2022:10:27:35 +0000] "PUT /editAppForm/0 HTTP/1.1" 500 1297
::1 - - [08/May/2022:10:28:41 +0000] "PUT /editAppForm/0 HTTP/1.1" 404 762
::1 - - [08/May/2022:10:30:00 +0000] "PUT /editAppForm/0 HTTP/1.1" 404 762
::1 - - [08/May/2022:10:32:24 +0000] "PUT /editAppForm/0 HTTP/1.1" 404 761
::1 - - [08/May/2022:10:32:37 +0000] "PUT /editAppForm/0 HTTP/1.1" 404 779
::1 - - [08/May/2022:10:34:03 +0000] "PUT /editAppForm/0 HTTP/1.1" 404 753
::1 - - [08/May/2022:10:34:20 +0000] "PUT /editAppForm/1 HTTP/1.1" 404 753
::1 - - [08/May/2022:10:34:22 +0000] "PUT /editAppForm/1 HTTP/1.1" 404 753
::1 - - [08/May/2022:10:37:18 +0000] "DELETE /tasklist/1 HTTP/1.1" 200 139
::1 - - [08/May/2022:10:42:55 +0000] "PUT /editTasklist/1 HTTP/1.1" 404 69
::1 - - [08/May/2022:10:44:24 +0000] "PUT /editTasklist/1 HTTP/1.1" 404 69
::1 - - [08/May/2022:10:44:36 +0000] "PUT /editTasklist/1 HTTP/1.1" 404 69
::1 - - [08/May/2022:10:53:08 +0000] "PUT /editTasklist/1 HTTP/1.1" 404 69
::1 - - [08/May/2022:10:53:16 +0000] "PUT /editTasklist/1 HTTP/1.1" 500 1296
::1 - - [08/May/2022:10:53:27 +0000] "PUT /editTasklist/1 HTTP/1.1" 404 69
::1 - - [08/May/2022:10:56:15 +0000] "PUT /editAppForm/1 HTTP/1.1" 500 1297
::1 - - [08/May/2022:10:56:36 +0000] "PUT /editTasklist/1 HTTP/1.1" 404 69
::1 - - [08/May/2022:10:57:10 +0000] "PUT /editTasklist/1 HTTP/1.1" 200 180
::1 - - [08/May/2022:10:57:34 +0000] "PUT /editAppForm/1 HTTP/1.1" 500 1297
::1 - - [08/May/2022:10:58:06 +0000] "PUT /editAppForm/1 HTTP/1.1" 500 1297
::1 - - [08/May/2022:10:58:32 +0000] "PUT /editAppForm/1 HTTP/1.1" 500 1297
::1 - - [08/May/2022:10:58:42 +0000] "PUT /editAppForm/1 HTTP/1.1" 500 1297
::1 - - [08/May/2022:11:00:04 +0000] "PUT /editAppForm/1 HTTP/1.1" 500 1297
::1 - - [08/May/2022:11:00:23 +0000] "PUT /editAppForm/1 HTTP/1.1" 500 1297
::1 - - [08/May/2022:11:00:24 +0000] "PUT /editAppForm/1 HTTP/1.1" 500 1297
::1 - - [08/May/2022:11:01:00 +0000] "PUT /editAppForm/1 HTTP/1.1" 500 1297
::1 - - [08/May/2022:11:01:41 +0000] "PUT /editAppForm/1 HTTP/1.1" 404 759
::1 - - [08/May/2022:11:02:04 +0000] "PUT /editAppForm/1 HTTP/1.1" 404 761
::1 - - [08/May/2022:11:04:09 +0000] "PUT /editAppForm/1 HTTP/1.1" 404 708
::1 - - [08/May/2022:11:04:11 +0000] "PUT /editAppForm/1 HTTP/1.1" 404 708
::1 - - [08/May/2022:11:11:06 +0000] "PUT /editAppForm/0 HTTP/1.1" 404 711
::1 - - [08/May/2022:11:11:42 +0000] "PUT /editAppForm/0 HTTP/1.1" 200 180
::1 - - [08/May/2022:11:14:38 +0000] "PUT /editAppForm/0 HTTP/1.1" 404 711
::1 - - [08/May/2022:11:14:51 +0000] "PUT /editAppForm/0 HTTP/1.1" 404 728
::1 - - [08/May/2022:11:14:56 +0000] "PUT /editAppForm/0 HTTP/1.1" 404 725
::1 - - [08/May/2022:11:14:58 +0000] "PUT /editAppForm/0 HTTP/1.1" 404 725
::1 - - [08/May/2022:11:15:05 +0000] "PUT /editAppForm/0 HTTP/1.1" 404 728
::1 - - [08/May/2022:11:15:07 +0000] "PUT /editAppForm/0 HTTP/1.1" 404 728
::1 - - [08/May/2022:11:16:10 +0000] "PUT /editAppForm/0 HTTP/1.1" 200 180
::1 - - [08/May/2022:11:16:33 +0000] "PUT /editAppForm/0 HTTP/1.1" 404 453
::1 - - [08/May/2022:11:17:14 +0000] "PUT /editAppForm/0 HTTP/1.1" 404 459
::1 - - [08/May/2022:11:18:53 +0000] "PUT /editAppForm/0 HTTP/1.1" 200 180
::1 - - [08/May/2022:11:19:30 +0000] "PUT /editAppForm/0 HTTP/1.1" 200 180
::1 - - [08/May/2022:13:01:42 +0000] "GET /home HTTP/1.1" 200 65
::1 - - [08/May/2022:13:01:47 +0000] "GET /home HTTP/1.1" 200 65
::1 - - [08/May/2022:13:03:08 +0000] "GET /home HTTP/1.1" 200 49
::1 - - [08/May/2022:13:06:33 +0000] "GET /appform HTTP/1.1" 200 970
::1 - - [08/May/2022:13:07:38 +0000] "GET /appform HTTP/1.1" 200 970
::1 - - [08/May/2022:13:07:50 +0000] "GET /appform/1 HTTP/1.1" 200 478
::1 - - [08/May/2022:13:08:13 +0000] "GET /appform/1 HTTP/1.1" 200 478
::1 - - [08/May/2022:13:08:30 +0000] "GET /company HTTP/1.1" 200 393
::1 - - [08/May/2022:13:08:41 +0000] "GET /company HTTP/1.1" 200 393
::1 - - [08/May/2022:13:16:49 +0000] "GET /company/1 HTTP/1.1" 200 393
::1 - - [08/May/2022:13:17:10 +0000] "GET /tasklist HTTP/1.1" 200 79
::1 - - [08/May/2022:13:17:48 +0000] "GET /tasklist/1 HTTP/1.1" 200 79
::1 - - [08/May/2022:13:17:53 +0000] "GET /tasklist/2 HTTP/1.1" 200 2
::1 - - [08/May/2022:13:17:57 +0000] "GET /tasklist/1 HTTP/1.1" 200 79
::1 - - [08/May/2022:13:18:19 +0000] "GET /trainee HTTP/1.1" 200 182
::1 - - [08/May/2022:13:18:33 +0000] "GET /trainee HTTP/1.1" 200 182
::1 - - [08/May/2022:13:18:50 +0000] "GET /trainee/1 HTTP/1.1" 200 182
::1 - - [08/May/2022:13:19:51 +0000] "GET /trainer HTTP/1.1" 200 171
::1 - - [08/May/2022:13:20:01 +0000] "GET /trainer/1 HTTP/1.1" 200 2
::1 - - [08/May/2022:13:20:07 +0000] "GET /trainer HTTP/1.1" 200 171
::1 - - [08/May/2022:13:20:17 +0000] "GET /trainer/5 HTTP/1.1" 200 171
::1 - - [08/May/2022:13:20:49 +0000] "GET /unitrainingsupervisor HTTP/1.1" 200 163
::1 - - [08/May/2022:13:21:14 +0000] "GET /unitrainingsupervisor/5 HTTP/1.1" 200 2
::1 - - [08/May/2022:13:21:17 +0000] "GET /unitrainingsupervisor/1 HTTP/1.1" 200 2
::1 - - [08/May/2022:13:21:20 +0000] "GET /unitrainingsupervisor/2 HTTP/1.1" 200 163
::1 - - [08/May/2022:13:21:28 +0000] "GET /unitrainingsupervisor/2 HTTP/1.1" 200 163
::1 - - [08/May/2022:13:22:14 +0000] "GET /unitrainingsupervisor/2 HTTP/1.1" 200 163
::1 - - [08/May/2022:13:22:30 +0000] "GET /user HTTP/1.1" 200 309
::1 - - [08/May/2022:13:22:50 +0000] "GET /user/1 HTTP/1.1" 200 61
::1 - - [08/May/2022:13:24:16 +0000] "GET /company HTTP/1.1" 200 393
::1 - - [08/May/2022:13:26:52 +0000] "GET /trainer HTTP/1.1" 200 171
::1 - - [08/May/2022:13:27:03 +0000] "GET /trainer/5 HTTP/1.1" 200 171
::1 - - [08/May/2022:13:27:20 +0000] "GET /unitrainingsupervisor HTTP/1.1" 200 163
::1 - - [08/May/2022:13:27:28 +0000] "GET /unitrainingsupervisor/2 HTTP/1.1" 200 163
::1 - - [08/May/2022:13:27:36 +0000] "GET /user HTTP/1.1" 200 309
::1 - - [08/May/2022:13:27:43 +0000] "GET /user/1 HTTP/1.1" 200 61
::1 - - [08/May/2022:13:30:10 +0000] "POST /signup HTTP/1.1" 200 11
::1 - - [08/May/2022:13:30:29 +0000] "POST /signup HTTP/1.1" 200 11
::1 - - [08/May/2022:13:30:35 +0000] "POST /signup HTTP/1.1" 200 11
::1 - - [08/May/2022:13:31:50 +0000] "POST /signup HTTP/1.1" 200 26
::1 - - [08/May/2022:13:32:59 +0000] "POST /signup HTTP/1.1" 200 32
::1 - - [08/May/2022:13:33:22 +0000] "POST /signup HTTP/1.1" 200 26
::1 - - [08/May/2022:13:33:43 +0000] "POST /signup HTTP/1.1" 200 27
::1 - - [08/May/2022:13:34:21 +0000] "POST /login HTTP/1.1" 200 11
::1 - - [08/May/2022:13:34:26 +0000] "POST /login HTTP/1.1" 200 11
::1 - - [08/May/2022:13:34:27 +0000] "POST /login HTTP/1.1" 200 11
::1 - - [08/May/2022:13:41:46 +0000] "POST /appform HTTP/1.1" 200 561
::1 - - [08/May/2022:13:43:37 +0000] "POST /appform HTTP/1.1" 200 139
::1 - - [08/May/2022:13:48:34 +0000] "POST /company HTTP/1.1" 200 365
::1 - - [08/May/2022:13:49:01 +0000] "POST /company HTTP/1.1" 200 365
::1 - - [08/May/2022:13:50:43 +0000] "POST /company HTTP/1.1" 200 365
::1 - - [08/May/2022:13:51:28 +0000] "POST /company HTTP/1.1" 200 366
::1 - - [08/May/2022:13:51:29 +0000] "POST /company HTTP/1.1" 200 366
::1 - - [08/May/2022:13:52:33 +0000] "POST /company HTTP/1.1" 200 365
::1 - - [08/May/2022:13:52:34 +0000] "POST /company HTTP/1.1" 200 365
::1 - - [08/May/2022:13:52:47 +0000] "POST /company HTTP/1.1" 200 365
::1 - - [08/May/2022:13:53:36 +0000] "POST /company HTTP/1.1" 200 365
::1 - - [08/May/2022:13:54:14 +0000] "POST /company HTTP/1.1" 200 365
::1 - - [08/May/2022:13:56:09 +0000] "POST /company HTTP/1.1" 200 365
::1 - - [08/May/2022:13:57:03 +0000] "POST /company HTTP/1.1" 200 365
::1 - - [08/May/2022:13:57:04 +0000] "POST /company HTTP/1.1" 200 365
::1 - - [08/May/2022:13:57:05 +0000] "POST /company HTTP/1.1" 200 365
::1 - - [08/May/2022:13:59:37 +0000] "POST /tasklist HTTP/1.1" 200 139
::1 - - [08/May/2022:14:01:33 +0000] "POST /register HTTP/1.1" 404 148
::1 - - [08/May/2022:14:02:48 +0000] "POST /appform HTTP/1.1" 500 1284
::1 - - [08/May/2022:14:02:50 +0000] "POST /appform HTTP/1.1" 500 1284
::1 - - [08/May/2022:14:03:27 +0000] "POST /tasklist HTTP/1.1" 200 139
::1 - - [08/May/2022:14:04:05 +0000] "POST /appform HTTP/1.1" 200 139
::1 - - [08/May/2022:14:04:42 +0000] "POST /company HTTP/1.1" 200 365
::1 - - [08/May/2022:14:08:16 +0000] "POST /trainee HTTP/1.1" 200 365
::1 - - [08/May/2022:14:08:33 +0000] "POST /trainee HTTP/1.1" 200 365
::1 - - [08/May/2022:14:08:48 +0000] "POST /trainee HTTP/1.1" 200 365
::1 - - [08/May/2022:14:09:20 +0000] "POST /trainee HTTP/1.1" 200 365
::1 - - [08/May/2022:14:10:34 +0000] "POST /trainee HTTP/1.1" 200 367
::1 - - [08/May/2022:14:12:53 +0000] "POST /trainee HTTP/1.1" 200 367
::1 - - [08/May/2022:14:12:55 +0000] "POST /trainee HTTP/1.1" 200 367
::1 - - [08/May/2022:14:12:56 +0000] "POST /trainee HTTP/1.1" 200 367
::1 - - [08/May/2022:14:12:56 +0000] "POST /trainee HTTP/1.1" 200 367
::1 - - [08/May/2022:14:12:57 +0000] "POST /trainee HTTP/1.1" 200 367
::1 - - [08/May/2022:14:12:57 +0000] "POST /trainee HTTP/1.1" 200 367
::1 - - [08/May/2022:14:15:34 +0000] "POST /trainee HTTP/1.1" 200 367
::1 - - [08/May/2022:14:15:35 +0000] "POST /trainee HTTP/1.1" 200 367
::1 - - [08/May/2022:14:16:34 +0000] "POST /trainee HTTP/1.1" 200 367
::1 - - [08/May/2022:14:17:14 +0000] "POST /trainee HTTP/1.1" 200 367
::1 - - [08/May/2022:14:17:15 +0000] "POST /trainee HTTP/1.1" 200 367
::1 - - [08/May/2022:14:17:15 +0000] "POST /trainee HTTP/1.1" 200 367
::1 - - [08/May/2022:14:19:43 +0000] "POST /trainee HTTP/1.1" 200 367
::1 - - [08/May/2022:14:19:58 +0000] "POST /trainee HTTP/1.1" 200 388
::1 - - [08/May/2022:14:20:07 +0000] "POST /trainee HTTP/1.1" 200 383
::1 - - [08/May/2022:14:20:49 +0000] "POST /trainee HTTP/1.1" 200 383
::1 - - [08/May/2022:14:20:50 +0000] "POST /trainee HTTP/1.1" 200 383
::1 - - [08/May/2022:14:26:15 +0000] "POST /trainer HTTP/1.1" 200 376
::1 - - [08/May/2022:14:28:10 +0000] "POST /trainer HTTP/1.1" 200 376
::1 - - [08/May/2022:14:30:11 +0000] "POST /trainer HTTP/1.1" 200 376
::1 - - [08/May/2022:14:31:22 +0000] "POST /trainer HTTP/1.1" 200 376
::1 - - [08/May/2022:14:31:23 +0000] "POST /trainer HTTP/1.1" 200 376
::1 - - [08/May/2022:14:31:33 +0000] "POST /trainer HTTP/1.1" 200 378
::1 - - [08/May/2022:14:31:45 +0000] "POST /trainer HTTP/1.1" 200 378
::1 - - [08/May/2022:14:33:01 +0000] "POST /trainer HTTP/1.1" 200 376
::1 - - [08/May/2022:14:35:44 +0000] "POST /trainunitrainingsupervisorer HTTP/1.1" 404 168
::1 - - [08/May/2022:14:36:01 +0000] "POST /unitrainingsupervisor HTTP/1.1" 200 139
